  ConstantFinder.cpp
C:\Users\Иван\source\repos\ConstantFinder\ConstantFinder.cpp(154,82): warning C4267: аргумент: преобразование из "size_t" в "int"; возможна потеря данных
C:\Users\Иван\source\repos\ConstantFinder\ConstantFinder.cpp(231,52): warning C4267: =: преобразование из "size_t" в "int"; возможна потеря данных
C:\Users\Иван\source\repos\ConstantFinder\ConstantFinder.cpp(294,57): warning C4267: =: преобразование из "size_t" в "int"; возможна потеря данных
C:\Users\Иван\source\repos\ConstantFinder\ConstantFinder.cpp(343,21): warning C4267: инициализация: преобразование из "size_t" в "int"; возможна потеря данных
C:\Users\Иван\source\repos\ConstantFinder\ConstantFinder.cpp(346,31): warning C4267: =: преобразование из "size_t" в "int"; возможна потеря данных
C:\Users\Иван\source\repos\ConstantFinder\ConstantFinder.cpp(662,64): warning C4267: аргумент: преобразование из "size_t" в "int"; возможна потеря данных
C:\Users\Иван\source\repos\ConstantFinder\ConstantFinder.cpp(662,43): warning C4267: аргумент: преобразование из "size_t" в "int"; возможна потеря данных
C:\Users\Иван\source\repos\ConstantFinder\ConstantFinder.cpp(672,64): warning C4267: аргумент: преобразование из "size_t" в "int"; возможна потеря данных
C:\Users\Иван\source\repos\ConstantFinder\ConstantFinder.cpp(672,43): warning C4267: аргумент: преобразование из "size_t" в "int"; возможна потеря данных
C:\Users\Иван\source\repos\ConstantFinder\ConstantFinder.cpp(690,72): warning C4267: аргумент: преобразование из "size_t" в "int"; возможна потеря данных
C:\Users\Иван\source\repos\ConstantFinder\ConstantFinder.cpp(690,51): warning C4267: аргумент: преобразование из "size_t" в "int"; возможна потеря данных
C:\Users\Иван\source\repos\ConstantFinder\ConstantFinder.cpp(697,25): warning C4267: инициализация: преобразование из "size_t" в "int"; возможна потеря данных
C:\Users\Иван\source\repos\ConstantFinder\ConstantFinder.cpp(712,68): warning C4267: аргумент: преобразование из "size_t" в "int"; возможна потеря данных
C:\Users\Иван\source\repos\ConstantFinder\ConstantFinder.cpp(712,47): warning C4267: аргумент: преобразование из "size_t" в "int"; возможна потеря данных
C:\Users\Иван\source\repos\ConstantFinder\ConstantFinder.cpp(720,64): warning C4267: аргумент: преобразование из "size_t" в "int"; возможна потеря данных
C:\Users\Иван\source\repos\ConstantFinder\ConstantFinder.cpp(720,43): warning C4267: аргумент: преобразование из "size_t" в "int"; возможна потеря данных
C:\Users\Иван\source\repos\ConstantFinder\ConstantFinder.cpp(754,68): warning C4267: аргумент: преобразование из "size_t" в "int"; возможна потеря данных
C:\Users\Иван\source\repos\ConstantFinder\ConstantFinder.cpp(754,47): warning C4267: аргумент: преобразование из "size_t" в "int"; возможна потеря данных
C:\Users\Иван\source\repos\ConstantFinder\ConstantFinder.cpp(848,60): warning C4267: аргумент: преобразование из "size_t" в "int"; возможна потеря данных
C:\Users\Иван\source\repos\ConstantFinder\ConstantFinder.cpp(848,39): warning C4267: аргумент: преобразование из "size_t" в "int"; возможна потеря данных
C:\Users\Иван\source\repos\ConstantFinder\ConstantFinder.cpp(865,31): warning C4267: инициализация: преобразование из "size_t" в "int"; возможна потеря данных
C:\Users\Иван\source\repos\ConstantFinder\ConstantFinder.cpp(877,49): warning C4267: =: преобразование из "size_t" в "int"; возможна потеря данных
C:\Users\Иван\source\repos\ConstantFinder\ConstantFinder.cpp(890,36): warning C4267: инициализация: преобразование из "size_t" в "int"; возможна потеря данных
  ConstantFinder.vcxproj -> C:\Users\Иван\source\repos\ConstantFinder\x64\Debug\ConstantFinder.exe
